<?xml version="1.0" encoding="utf-8"?><testsuites name="pytest tests"><testsuite name="pytest" errors="0" failures="0" skipped="0" tests="18" time="2.459" timestamp="2026-05-14T00:04:17.186874+00:00" hostname="agent-env-58cc5b94-0f34-4c71-b8c8-ce4456fc1aa9"><testcase classname="backend.tests.test_rxflow_backend.TestHealth" name="test_root" time="0.204" /><testcase classname="backend.tests.test_rxflow_backend.TestHealth" name="test_health" time="0.066" /><testcase classname="backend.tests.test_rxflow_backend.TestHealth" name="test_config" time="0.083" /><testcase classname="backend.tests.test_rxflow_backend.TestAuth" name="test_login_success" time="0.128" /><testcase classname="backend.tests.test_rxflow_backend.TestAuth" name="test_login_bad_password" time="0.274" /><testcase classname="backend.tests.test_rxflow_backend.TestAuth" name="test_me_authenticated" time="0.281" /><testcase classname="backend.tests.test_rxflow_backend.TestAuth" name="test_me_unauthenticated" time="0.172" /><testcase classname="backend.tests.test_rxflow_backend.TestAuth" name="test_logout" time="0.176" /><testcase classname="backend.tests.test_rxflow_backend.TestIntakes" name="test_list_intakes" time="0.070" /><testcase classname="backend.tests.test_rxflow_backend.TestIntakes" name="test_stats_summary" time="0.080" /><testcase classname="backend.tests.test_rxflow_backend.TestIntakes" name="test_get_single_intake" time="0.072" /><testcase classname="backend.tests.test_rxflow_backend.TestIntakes" name="test_intake_history" time="0.070" /><testcase classname="backend.tests.test_rxflow_backend.TestSeveritySort" name="test_intake1_has_major_interaction" time="0.062" /><testcase classname="backend.tests.test_rxflow_backend.TestSeveritySort" name="test_intake1_severity_sorted" time="0.067" /><testcase classname="backend.tests.test_rxflow_backend.TestSeveritySort" name="test_all_intakes_severity_sorted" time="0.070" /><testcase classname="backend.tests.test_rxflow_backend.TestAuditAttribution" name="test_status_change_records_changed_by" time="0.226" /><testcase classname="backend.tests.test_rxflow_backend.TestPasswordReset" name="test_forgot_returns_reset_url" time="0.138" /><testcase classname="backend.tests.test_rxflow_backend.TestPasswordReset" name="test_reset_without_token_invalid" time="0.133" /></testsuite></testsuites>